<?xml version="1.0" encoding="UTF-8"?>
<!-- Generated by org.testng.reporters.JUnitXMLReporter -->
<testsuite hostname="LAPTOP-EUTQRU8P" ignored="4" name="name1" tests="4" failures="0" timestamp="2021-04-06T19:11:06 IST" time="0.161" errors="0">
  <testcase name="Apple" time="0.016" classname="testNGTutorial.GroupingTestCase"/>
  <testcase name="Apple2" time="0.003" classname="testNGTutorial.GroupingTestCase"/>
  <testcase name="Samsung" time="0.001" classname="testNGTutorial.GroupingTestCase"/>
  <testcase name="Samsung2" time="0.002" classname="testNGTutorial.GroupingTestCase"/>
  <testcase name="Google" time="0.0" classname="testNGTutorial.GroupingTestCase">
    <ignored/>
  </testcase> <!-- Google -->
  <testcase name="Lenovo" time="0.0" classname="testNGTutorial.GroupingTestCase">
    <ignored/>
  </testcase> <!-- Lenovo -->
  <testcase name="Google2" time="0.0" classname="testNGTutorial.GroupingTestCase">
    <ignored/>
  </testcase> <!-- Google2 -->
  <testcase name="Lenovo2" time="0.0" classname="testNGTutorial.GroupingTestCase">
    <ignored/>
  </testcase> <!-- Lenovo2 -->
</testsuite> <!-- name1 -->
