<?xml version="1.0" encoding="UTF-8"?>
<!-- Generated by org.testng.reporters.JUnitXMLReporter -->
<testsuite hostname="LAPTOP-EUTQRU8P" ignored="0" name="Default test" tests="3" failures="0" timestamp="2021-04-10T11:51:03 IST" time="0.072" errors="0">
  <testcase name="test" time="0.008" classname="testNGTutorial.AnnotationsExample"/>
  <testcase name="test2" time="0.004" classname="testNGTutorial.AnnotationsExample"/>
  <testcase name="test3" time="0.006" classname="testNGTutorial.AnnotationsExample"/>
</testsuite> <!-- Default test -->
