<?xml version="1.0" encoding="UTF-8"?>
<!-- Generated by org.testng.reporters.JUnitXMLReporter -->
<testsuite hostname="LAPTOP-EUTQRU8P" ignored="0" name="Default test" tests="5" failures="0" timestamp="2021-04-16T17:08:51 IST" time="43.543" errors="0">
  <testcase name="OpenBrowser" time="6.521" classname="dataDrivenTutorial.TestProvider"/>
  <testcase name="OpenBrowser" time="6.37" classname="dataDrivenTutorial.TestProvider"/>
  <testcase name="OpenBrowser" time="6.632" classname="dataDrivenTutorial.TestProvider"/>
  <testcase name="OpenBrowser" time="6.206" classname="dataDrivenTutorial.TestProvider"/>
  <testcase name="OpenBrowser" time="6.26" classname="dataDrivenTutorial.TestProvider"/>
</testsuite> <!-- Default test -->
