<?xml version="1.0" encoding="UTF-8"?>
<!-- Generated by org.testng.reporters.JUnitXMLReporter -->
<testsuite hostname="LAPTOP-EUTQRU8P" ignored="0" name="test2" tests="3" failures="0" timestamp="2021-04-07T09:54:05 IST" time="0.07" errors="0">
  <testcase name="StudentAge" time="0.01" classname="testNGTutorial.ParameterizationExample"/>
  <testcase name="StudentGender" time="0.0" classname="testNGTutorial.ParameterizationExample"/>
  <testcase name="StudentName" time="0.0" classname="testNGTutorial.ParameterizationExample"/>
</testsuite> <!-- test2 -->
